<?xml version="1.0" encoding="UTF-8"?>
<coverage generated="1595457716823" clover="3.2.0">
  <project timestamp="1595457716823" name="All files">
    <metrics statements="59" coveredstatements="59" conditionals="36" coveredconditionals="36" methods="11" coveredmethods="11" elements="106" coveredelements="106" complexity="0" loc="59" ncloc="59" packages="2" files="5" classes="5"/>
    <package name="src">
      <metrics statements="42" coveredstatements="42" conditionals="30" coveredconditionals="30" methods="7" coveredmethods="7"/>
      <file name="lawn.js" path="/Users/jeromebueno/Documents/Xebia/src/lawn.js">
        <metrics statements="5" coveredstatements="5" conditionals="8" coveredconditionals="8" methods="2" coveredmethods="2"/>
        <line num="3" count="7" type="cond" truecount="4" falsecount="0"/>
        <line num="4" count="6" type="stmt"/>
        <line num="5" count="6" type="stmt"/>
        <line num="9" count="17" type="cond" truecount="4" falsecount="0"/>
        <line num="13" count="2" type="stmt"/>
      </file>
      <file name="monitor.js" path="/Users/jeromebueno/Documents/Xebia/src/monitor.js">
        <metrics statements="21" coveredstatements="21" conditionals="8" coveredconditionals="8" methods="2" coveredmethods="2"/>
        <line num="1" count="1" type="stmt"/>
        <line num="2" count="1" type="stmt"/>
        <line num="6" count="3" type="stmt"/>
        <line num="7" count="3" type="stmt"/>
        <line num="9" count="3" type="cond" truecount="2" falsecount="0"/>
        <line num="11" count="2" type="stmt"/>
        <line num="12" count="3" type="stmt"/>
        <line num="13" count="3" type="stmt"/>
        <line num="14" count="3" type="stmt"/>
        <line num="16" count="3" type="cond" truecount="2" falsecount="0"/>
        <line num="17" count="2" type="stmt"/>
        <line num="19" count="1" type="stmt"/>
        <line num="25" count="3" type="stmt"/>
        <line num="26" count="3" type="stmt"/>
        <line num="27" count="20" type="stmt"/>
        <line num="28" count="20" type="stmt"/>
        <line num="29" count="20" type="cond" truecount="4" falsecount="0"/>
        <line num="30" count="1" type="stmt"/>
        <line num="33" count="3" type="stmt"/>
        <line num="34" count="3" type="stmt"/>
        <line num="38" count="1" type="stmt"/>
      </file>
      <file name="mower.js" path="/Users/jeromebueno/Documents/Xebia/src/mower.js">
        <metrics statements="16" coveredstatements="16" conditionals="14" coveredconditionals="14" methods="3" coveredmethods="3"/>
        <line num="1" count="2" type="stmt"/>
        <line num="2" count="2" type="stmt"/>
        <line num="6" count="6" type="stmt"/>
        <line num="7" count="6" type="stmt"/>
        <line num="11" count="23" type="cond" truecount="2" falsecount="0"/>
        <line num="12" count="13" type="stmt"/>
        <line num="13" count="13" type="stmt"/>
        <line num="16" count="23" type="cond" truecount="4" falsecount="0"/>
        <line num="17" count="10" type="stmt"/>
        <line num="22" count="14" type="stmt"/>
        <line num="23" count="14" type="cond" truecount="2" falsecount="0"/>
        <line num="24" count="14" type="cond" truecount="2" falsecount="0"/>
        <line num="25" count="14" type="cond" truecount="2" falsecount="0"/>
        <line num="26" count="14" type="cond" truecount="2" falsecount="0"/>
        <line num="27" count="14" type="stmt"/>
        <line num="31" count="2" type="stmt"/>
      </file>
    </package>
    <package name="src.utils">
      <metrics statements="17" coveredstatements="17" conditionals="6" coveredconditionals="6" methods="4" coveredmethods="4"/>
      <file name="orientation.js" path="/Users/jeromebueno/Documents/Xebia/src/utils/orientation.js">
        <metrics statements="12" coveredstatements="12" conditionals="6" coveredconditionals="6" methods="2" coveredmethods="2"/>
        <line num="1" count="3" type="stmt"/>
        <line num="5" count="9" type="stmt"/>
        <line num="6" count="9" type="stmt"/>
        <line num="10" count="16" type="stmt"/>
        <line num="11" count="16" type="cond" truecount="2" falsecount="0"/>
        <line num="13" count="5" type="cond" truecount="2" falsecount="0"/>
        <line num="14" count="5" type="stmt"/>
        <line num="16" count="10" type="cond" truecount="2" falsecount="0"/>
        <line num="17" count="10" type="stmt"/>
        <line num="19" count="16" type="stmt"/>
        <line num="20" count="16" type="stmt"/>
        <line num="24" count="3" type="stmt"/>
      </file>
      <file name="position.js" path="/Users/jeromebueno/Documents/Xebia/src/utils/position.js">
        <metrics statements="5" coveredstatements="5" conditionals="0" coveredconditionals="0" methods="2" coveredmethods="2"/>
        <line num="3" count="7" type="stmt"/>
        <line num="4" count="7" type="stmt"/>
        <line num="8" count="14" type="stmt"/>
        <line num="9" count="14" type="stmt"/>
        <line num="13" count="3" type="stmt"/>
      </file>
    </package>
  </project>
</coverage>
