{"/Users/jeromebueno/Documents/Xebia/src/lawn.js": {"path":"/Users/jeromebueno/Documents/Xebia/src/lawn.js","statementMap":{"0":{"start":{"line":3,"column":8},"end":{"line":3,"column":102}},"1":{"start":{"line":3,"column":38},"end":{"line":3,"column":102}},"2":{"start":{"line":4,"column":8},"end":{"line":4,"column":26}},"3":{"start":{"line":5,"column":8},"end":{"line":5,"column":28}},"4":{"start":{"line":9,"column":8},"end":{"line":9,"column":108}},"5":{"start":{"line":13,"column":0},"end":{"line":13,"column":21}}},"fnMap":{"0":{"name":"(anonymous_0)","decl":{"start":{"line":2,"column":4},"end":{"line":2,"column":5}},"loc":{"start":{"line":2,"column":30},"end":{"line":6,"column":5}},"line":2},"1":{"name":"(anonymous_1)","decl":{"start":{"line":8,"column":4},"end":{"line":8,"column":5}},"loc":{"start":{"line":8,"column":18},"end":{"line":10,"column":5}},"line":8}},"branchMap":{"0":{"loc":{"start":{"line":3,"column":8},"end":{"line":3,"column":102}},"type":"if","locations":[{"start":{"line":3,"column":8},"end":{"line":3,"column":102}},{"start":{"line":3,"column":8},"end":{"line":3,"column":102}}],"line":3},"1":{"loc":{"start":{"line":3,"column":11},"end":{"line":3,"column":36}},"type":"binary-expr","locations":[{"start":{"line":3,"column":11},"end":{"line":3,"column":21}},{"start":{"line":3,"column":25},"end":{"line":3,"column":36}}],"line":3},"2":{"loc":{"start":{"line":9,"column":15},"end":{"line":9,"column":108}},"type":"binary-expr","locations":[{"start":{"line":9,"column":16},"end":{"line":9,"column":40}},{"start":{"line":9,"column":44},"end":{"line":9,"column":59}},{"start":{"line":9,"column":64},"end":{"line":9,"column":89}},{"start":{"line":9,"column":93},"end":{"line":9,"column":108}}],"line":9}},"s":{"0":7,"1":1,"2":6,"3":6,"4":17,"5":2},"f":{"0":7,"1":17},"b":{"0":[1,6],"1":[7,1],"2":[17,16,16,14]},"_coverageSchema":"1a1c01bbd47fc00a2c39e90264f33305004495a9","hash":"5b4a082698c1f4a02ba766e793213420886e4bc4"}
,"/Users/jeromebueno/Documents/Xebia/src/monitor.js": {"path":"/Users/jeromebueno/Documents/Xebia/src/monitor.js","statementMap":{"0":{"start":{"line":1,"column":13},"end":{"line":1,"column":30}},"1":{"start":{"line":2,"column":14},"end":{"line":2,"column":33}},"2":{"start":{"line":6,"column":21},"end":{"line":6,"column":66}},"3":{"start":{"line":7,"column":8},"end":{"line":7,"column":27}},"4":{"start":{"line":9,"column":8},"end":{"line":9,"column":93}},"5":{"start":{"line":9,"column":41},"end":{"line":9,"column":93}},"6":{"start":{"line":11,"column":8},"end":{"line":21,"column":11}},"7":{"start":{"line":11,"column":21},"end":{"line":11,"column":22}},"8":{"start":{"line":12,"column":34},"end":{"line":12,"column":75}},"9":{"start":{"line":13,"column":30},"end":{"line":13,"column":47}},"10":{"start":{"line":14,"column":24},"end":{"line":14,"column":40}},"11":{"start":{"line":16,"column":12},"end":{"line":20,"column":13}},"12":{"start":{"line":17,"column":16},"end":{"line":17,"column":70}},"13":{"start":{"line":19,"column":16},"end":{"line":19,"column":89}},"14":{"start":{"line":25,"column":20},"end":{"line":25,"column":58}},"15":{"start":{"line":26,"column":8},"end":{"line":32,"column":9}},"16":{"start":{"line":27,"column":35},"end":{"line":27,"column":54}},"17":{"start":{"line":28,"column":12},"end":{"line":28,"column":32}},"18":{"start":{"line":29,"column":12},"end":{"line":31,"column":13}},"19":{"start":{"line":30,"column":16},"end":{"line":30,"column":54}},"20":{"start":{"line":33,"column":8},"end":{"line":33,"column":88}},"21":{"start":{"line":34,"column":8},"end":{"line":34,"column":36}},"22":{"start":{"line":38,"column":0},"end":{"line":38,"column":24}}},"fnMap":{"0":{"name":"(anonymous_0)","decl":{"start":{"line":5,"column":4},"end":{"line":5,"column":5}},"loc":{"start":{"line":5,"column":42},"end":{"line":22,"column":5}},"line":5},"1":{"name":"(anonymous_1)","decl":{"start":{"line":24,"column":4},"end":{"line":24,"column":5}},"loc":{"start":{"line":24,"column":54},"end":{"line":35,"column":5}},"line":24}},"branchMap":{"0":{"loc":{"start":{"line":9,"column":8},"end":{"line":9,"column":93}},"type":"if","locations":[{"start":{"line":9,"column":8},"end":{"line":9,"column":93}},{"start":{"line":9,"column":8},"end":{"line":9,"column":93}}],"line":9},"1":{"loc":{"start":{"line":16,"column":12},"end":{"line":20,"column":13}},"type":"if","locations":[{"start":{"line":16,"column":12},"end":{"line":20,"column":13}},{"start":{"line":16,"column":12},"end":{"line":20,"column":13}}],"line":16},"2":{"loc":{"start":{"line":29,"column":12},"end":{"line":31,"column":13}},"type":"if","locations":[{"start":{"line":29,"column":12},"end":{"line":31,"column":13}},{"start":{"line":29,"column":12},"end":{"line":31,"column":13}}],"line":29},"3":{"loc":{"start":{"line":29,"column":15},"end":{"line":29,"column":60}},"type":"binary-expr","locations":[{"start":{"line":29,"column":15},"end":{"line":29,"column":30}},{"start":{"line":29,"column":34},"end":{"line":29,"column":60}}],"line":29}},"s":{"0":1,"1":1,"2":3,"3":3,"4":3,"5":1,"6":2,"7":2,"8":3,"9":3,"10":3,"11":3,"12":2,"13":1,"14":3,"15":3,"16":20,"17":20,"18":20,"19":1,"20":3,"21":3,"22":1},"f":{"0":3,"1":3},"b":{"0":[1,2],"1":[2,1],"2":[1,19],"3":[20,12]},"_coverageSchema":"1a1c01bbd47fc00a2c39e90264f33305004495a9","hash":"8cb419b55244882ee9a7f9cbc70c681f0ca95b72"}
,"/Users/jeromebueno/Documents/Xebia/src/mower.js": {"path":"/Users/jeromebueno/Documents/Xebia/src/mower.js","statementMap":{"0":{"start":{"line":1,"column":17},"end":{"line":1,"column":45}},"1":{"start":{"line":2,"column":20},"end":{"line":2,"column":51}},"2":{"start":{"line":6,"column":8},"end":{"line":6,"column":59}},"3":{"start":{"line":7,"column":8},"end":{"line":7,"column":55}},"4":{"start":{"line":11,"column":8},"end":{"line":14,"column":9}},"5":{"start":{"line":12,"column":30},"end":{"line":12,"column":48}},"6":{"start":{"line":13,"column":12},"end":{"line":13,"column":58}},"7":{"start":{"line":16,"column":8},"end":{"line":18,"column":9}},"8":{"start":{"line":17,"column":11},"end":{"line":17,"column":44}},"9":{"start":{"line":22,"column":26},"end":{"line":22,"column":35}},"10":{"start":{"line":23,"column":8},"end":{"line":23,"column":58}},"11":{"start":{"line":23,"column":41},"end":{"line":23,"column":58}},"12":{"start":{"line":24,"column":8},"end":{"line":24,"column":58}},"13":{"start":{"line":24,"column":41},"end":{"line":24,"column":58}},"14":{"start":{"line":25,"column":8},"end":{"line":25,"column":59}},"15":{"start":{"line":25,"column":41},"end":{"line":25,"column":59}},"16":{"start":{"line":26,"column":8},"end":{"line":26,"column":59}},"17":{"start":{"line":26,"column":41},"end":{"line":26,"column":59}},"18":{"start":{"line":27,"column":8},"end":{"line":27,"column":26}},"19":{"start":{"line":31,"column":0},"end":{"line":31,"column":22}}},"fnMap":{"0":{"name":"(anonymous_0)","decl":{"start":{"line":5,"column":4},"end":{"line":5,"column":5}},"loc":{"start":{"line":5,"column":38},"end":{"line":8,"column":5}},"line":5},"1":{"name":"(anonymous_1)","decl":{"start":{"line":10,"column":4},"end":{"line":10,"column":5}},"loc":{"start":{"line":10,"column":18},"end":{"line":19,"column":5}},"line":10},"2":{"name":"(anonymous_2)","decl":{"start":{"line":21,"column":4},"end":{"line":21,"column":5}},"loc":{"start":{"line":21,"column":17},"end":{"line":28,"column":5}},"line":21}},"branchMap":{"0":{"loc":{"start":{"line":11,"column":8},"end":{"line":14,"column":9}},"type":"if","locations":[{"start":{"line":11,"column":8},"end":{"line":14,"column":9}},{"start":{"line":11,"column":8},"end":{"line":14,"column":9}}],"line":11},"1":{"loc":{"start":{"line":16,"column":8},"end":{"line":18,"column":9}},"type":"if","locations":[{"start":{"line":16,"column":8},"end":{"line":18,"column":9}},{"start":{"line":16,"column":8},"end":{"line":18,"column":9}}],"line":16},"2":{"loc":{"start":{"line":16,"column":11},"end":{"line":16,"column":45}},"type":"binary-expr","locations":[{"start":{"line":16,"column":11},"end":{"line":16,"column":26}},{"start":{"line":16,"column":30},"end":{"line":16,"column":45}}],"line":16},"3":{"loc":{"start":{"line":23,"column":8},"end":{"line":23,"column":58}},"type":"if","locations":[{"start":{"line":23,"column":8},"end":{"line":23,"column":58}},{"start":{"line":23,"column":8},"end":{"line":23,"column":58}}],"line":23},"4":{"loc":{"start":{"line":24,"column":8},"end":{"line":24,"column":58}},"type":"if","locations":[{"start":{"line":24,"column":8},"end":{"line":24,"column":58}},{"start":{"line":24,"column":8},"end":{"line":24,"column":58}}],"line":24},"5":{"loc":{"start":{"line":25,"column":8},"end":{"line":25,"column":59}},"type":"if","locations":[{"start":{"line":25,"column":8},"end":{"line":25,"column":59}},{"start":{"line":25,"column":8},"end":{"line":25,"column":59}}],"line":25},"6":{"loc":{"start":{"line":26,"column":8},"end":{"line":26,"column":59}},"type":"if","locations":[{"start":{"line":26,"column":8},"end":{"line":26,"column":59}},{"start":{"line":26,"column":8},"end":{"line":26,"column":59}}],"line":26}},"s":{"0":2,"1":2,"2":6,"3":6,"4":23,"5":13,"6":13,"7":23,"8":10,"9":14,"10":14,"11":4,"12":14,"13":4,"14":14,"15":3,"16":14,"17":3,"18":14,"19":2},"f":{"0":6,"1":23,"2":14},"b":{"0":[13,10],"1":[10,13],"2":[23,19],"3":[4,10],"4":[4,10],"5":[3,11],"6":[3,11]},"_coverageSchema":"1a1c01bbd47fc00a2c39e90264f33305004495a9","hash":"365a5db499489fc7317c2386b75189668fc3a3b2"}
,"/Users/jeromebueno/Documents/Xebia/src/utils/orientation.js": {"path":"/Users/jeromebueno/Documents/Xebia/src/utils/orientation.js","statementMap":{"0":{"start":{"line":1,"column":23},"end":{"line":1,"column":40}},"1":{"start":{"line":5,"column":8},"end":{"line":5,"column":53}},"2":{"start":{"line":6,"column":8},"end":{"line":6,"column":24}},"3":{"start":{"line":10,"column":24},"end":{"line":10,"column":38}},"4":{"start":{"line":11,"column":8},"end":{"line":18,"column":9}},"5":{"start":{"line":13,"column":16},"end":{"line":13,"column":71}},"6":{"start":{"line":14,"column":14},"end":{"line":14,"column":20}},"7":{"start":{"line":16,"column":16},"end":{"line":16,"column":72}},"8":{"start":{"line":17,"column":14},"end":{"line":17,"column":20}},"9":{"start":{"line":19,"column":8},"end":{"line":19,"column":34}},"10":{"start":{"line":20,"column":8},"end":{"line":20,"column":45}},"11":{"start":{"line":24,"column":0},"end":{"line":24,"column":28}}},"fnMap":{"0":{"name":"(anonymous_0)","decl":{"start":{"line":4,"column":4},"end":{"line":4,"column":5}},"loc":{"start":{"line":4,"column":22},"end":{"line":7,"column":5}},"line":4},"1":{"name":"(anonymous_1)","decl":{"start":{"line":9,"column":4},"end":{"line":9,"column":5}},"loc":{"start":{"line":9,"column":16},"end":{"line":21,"column":6}},"line":9}},"branchMap":{"0":{"loc":{"start":{"line":11,"column":8},"end":{"line":18,"column":9}},"type":"switch","locations":[{"start":{"line":12,"column":12},"end":{"line":14,"column":20}},{"start":{"line":15,"column":12},"end":{"line":17,"column":20}}],"line":11},"1":{"loc":{"start":{"line":13,"column":28},"end":{"line":13,"column":71}},"type":"cond-expr","locations":[{"start":{"line":13,"column":50},"end":{"line":13,"column":51}},{"start":{"line":13,"column":54},"end":{"line":13,"column":71}}],"line":13},"2":{"loc":{"start":{"line":16,"column":28},"end":{"line":16,"column":72}},"type":"cond-expr","locations":[{"start":{"line":16,"column":50},"end":{"line":16,"column":51}},{"start":{"line":16,"column":54},"end":{"line":16,"column":72}}],"line":16}},"s":{"0":3,"1":9,"2":9,"3":16,"4":16,"5":5,"6":5,"7":10,"8":10,"9":16,"10":16,"11":3},"f":{"0":9,"1":16},"b":{"0":[5,10],"1":[2,3],"2":[2,8]},"_coverageSchema":"1a1c01bbd47fc00a2c39e90264f33305004495a9","hash":"c33cb9c311274f6ce99b06b28ce85f2aa3236e60"}
,"/Users/jeromebueno/Documents/Xebia/src/utils/position.js": {"path":"/Users/jeromebueno/Documents/Xebia/src/utils/position.js","statementMap":{"0":{"start":{"line":3,"column":8},"end":{"line":3,"column":18}},"1":{"start":{"line":4,"column":8},"end":{"line":4,"column":18}},"2":{"start":{"line":8,"column":8},"end":{"line":8,"column":19}},"3":{"start":{"line":9,"column":8},"end":{"line":9,"column":19}},"4":{"start":{"line":13,"column":0},"end":{"line":13,"column":25}}},"fnMap":{"0":{"name":"(anonymous_0)","decl":{"start":{"line":2,"column":4},"end":{"line":2,"column":5}},"loc":{"start":{"line":2,"column":21},"end":{"line":5,"column":5}},"line":2},"1":{"name":"(anonymous_1)","decl":{"start":{"line":7,"column":4},"end":{"line":7,"column":5}},"loc":{"start":{"line":7,"column":12},"end":{"line":10,"column":5}},"line":7}},"branchMap":{},"s":{"0":7,"1":7,"2":14,"3":14,"4":3},"f":{"0":7,"1":14},"b":{},"_coverageSchema":"1a1c01bbd47fc00a2c39e90264f33305004495a9","hash":"2ef53ebfd429d26ab282502cdd795282c9a23e1d"}
}
