TN:
SF:src/lawn.js
FN:2,(anonymous_0)
FN:8,(anonymous_1)
FNF:2
FNH:2
FNDA:7,(anonymous_0)
FNDA:17,(anonymous_1)
DA:3,7
DA:4,6
DA:5,6
DA:9,17
DA:13,2
LF:5
LH:5
BRDA:3,0,0,1
BRDA:3,0,1,6
BRDA:3,1,0,7
BRDA:3,1,1,1
BRDA:9,2,0,17
BRDA:9,2,1,16
BRDA:9,2,2,16
BRDA:9,2,3,14
BRF:8
BRH:8
end_of_record
TN:
SF:src/monitor.js
FN:5,(anonymous_0)
FN:24,(anonymous_1)
FNF:2
FNH:2
FNDA:3,(anonymous_0)
FNDA:3,(anonymous_1)
DA:1,1
DA:2,1
DA:6,3
DA:7,3
DA:9,3
DA:11,2
DA:12,3
DA:13,3
DA:14,3
DA:16,3
DA:17,2
DA:19,1
DA:25,3
DA:26,3
DA:27,20
DA:28,20
DA:29,20
DA:30,1
DA:33,3
DA:34,3
DA:38,1
LF:21
LH:21
BRDA:9,0,0,1
BRDA:9,0,1,2
BRDA:16,1,0,2
BRDA:16,1,1,1
BRDA:29,2,0,1
BRDA:29,2,1,19
BRDA:29,3,0,20
BRDA:29,3,1,12
BRF:8
BRH:8
end_of_record
TN:
SF:src/mower.js
FN:5,(anonymous_0)
FN:10,(anonymous_1)
FN:21,(anonymous_2)
FNF:3
FNH:3
FNDA:6,(anonymous_0)
FNDA:23,(anonymous_1)
FNDA:14,(anonymous_2)
DA:1,2
DA:2,2
DA:6,6
DA:7,6
DA:11,23
DA:12,13
DA:13,13
DA:16,23
DA:17,10
DA:22,14
DA:23,14
DA:24,14
DA:25,14
DA:26,14
DA:27,14
DA:31,2
LF:16
LH:16
BRDA:11,0,0,13
BRDA:11,0,1,10
BRDA:16,1,0,10
BRDA:16,1,1,13
BRDA:16,2,0,23
BRDA:16,2,1,19
BRDA:23,3,0,4
BRDA:23,3,1,10
BRDA:24,4,0,4
BRDA:24,4,1,10
BRDA:25,5,0,3
BRDA:25,5,1,11
BRDA:26,6,0,3
BRDA:26,6,1,11
BRF:14
BRH:14
end_of_record
TN:
SF:src/utils/orientation.js
FN:4,(anonymous_0)
FN:9,(anonymous_1)
FNF:2
FNH:2
FNDA:9,(anonymous_0)
FNDA:16,(anonymous_1)
DA:1,3
DA:5,9
DA:6,9
DA:10,16
DA:11,16
DA:13,5
DA:14,5
DA:16,10
DA:17,10
DA:19,16
DA:20,16
DA:24,3
LF:12
LH:12
BRDA:11,0,0,5
BRDA:11,0,1,10
BRDA:13,1,0,2
BRDA:13,1,1,3
BRDA:16,2,0,2
BRDA:16,2,1,8
BRF:6
BRH:6
end_of_record
TN:
SF:src/utils/position.js
FN:2,(anonymous_0)
FN:7,(anonymous_1)
FNF:2
FNH:2
FNDA:7,(anonymous_0)
FNDA:14,(anonymous_1)
DA:3,7
DA:4,7
DA:8,14
DA:9,14
DA:13,3
LF:5
LH:5
BRF:0
BRH:0
end_of_record
